<?xml version="1.0" encoding="UTF-8"?>
<testsuite name="runnertestfile.Runner_File" time="104.095" tests="3" errors="2" skipped="0" failures="1">
  <properties>
    <property name="java.runtime.name" value="Java(TM) SE Runtime Environment"/>
    <property name="java.vm.version" value="19.0.1+10-21"/>
    <property name="sun.boot.library.path" value="/Library/Java/JavaVirtualMachines/jdk-19.jdk/Contents/Home/lib"/>
    <property name="maven.multiModuleProjectDirectory" value="/Users/rajaram/Documents/ENTERPRISE_CUCUMBER_AUTOMATION_FRAMEWORK"/>
    <property name="java.vm.vendor" value="Oracle Corporation"/>
    <property name="java.vendor.url" value="https://java.oracle.com/"/>
    <property name="guice.disable.misplaced.annotation.check" value="true"/>
    <property name="path.separator" value=":"/>
    <property name="java.vm.name" value="Java HotSpot(TM) 64-Bit Server VM"/>
    <property name="user.country" value="IN"/>
    <property name="sun.java.launcher" value="SUN_STANDARD"/>
    <property name="java.vm.specification.name" value="Java Virtual Machine Specification"/>
    <property name="user.dir" value="/Users/rajaram/Documents/ENTERPRISE_CUCUMBER_AUTOMATION_FRAMEWORK"/>
    <property name="java.vm.compressedOopsMode" value="Zero based"/>
    <property name="java.runtime.version" value="19.0.1+10-21"/>
    <property name="os.arch" value="aarch64"/>
    <property name="java.io.tmpdir" value="/var/folders/6z/3b16_4917y9d2_td4szln8w80000gn/T/"/>
    <property name="line.separator" value="&#10;"/>
    <property name="java.vm.specification.vendor" value="Oracle Corporation"/>
    <property name="stderr.encoding" value="UTF-8"/>
    <property name="os.name" value="Mac OS X"/>
    <property name="classworlds.conf" value="/Users/rajaram/eclipse-workspace/.metadata/.plugins/org.eclipse.m2e.launching/launches/m2conf4849618720768717649.tmp"/>
    <property name="sun.jnu.encoding" value="UTF-8"/>
    <property name="stdout.encoding" value="UTF-8"/>
    <property name="java.library.path" value="/Users/rajaram/Library/Java/Extensions:/Library/Java/Extensions:/Network/Library/Java/Extensions:/System/Library/Java/Extensions:/usr/lib/java:."/>
    <property name="jdk.debug" value="release"/>
    <property name="java.class.version" value="63.0"/>
    <property name="java.specification.name" value="Java Platform API Specification"/>
    <property name="sun.management.compiler" value="HotSpot 64-Bit Tiered Compilers"/>
    <property name="os.version" value="13.1"/>
    <property name="http.nonProxyHosts" value="local|*.local|169.254/16|*.169.254/16"/>
    <property name="user.home" value="/Users/rajaram"/>
    <property name="user.timezone" value="Asia/Kolkata"/>
    <property name="file.encoding" value="UTF-8"/>
    <property name="java.specification.version" value="19"/>
    <property name="user.name" value="rajaram"/>
    <property name="java.class.path" value="/Applications/Eclipse.app/Contents/Eclipse/plugins/org.eclipse.m2e.maven.runtime_1.18.1.20211011-2139/jars/plexus-classworlds-2.6.0.jar"/>
    <property name="java.vm.specification.version" value="19"/>
    <property name="sun.arch.data.model" value="64"/>
    <property name="sun.java.command" value="org.codehaus.plexus.classworlds.launcher.Launcher -B install"/>
    <property name="java.home" value="/Library/Java/JavaVirtualMachines/jdk-19.jdk/Contents/Home"/>
    <property name="apple.awt.application.name" value="Launcher"/>
    <property name="user.language" value="en"/>
    <property name="java.specification.vendor" value="Oracle Corporation"/>
    <property name="java.vm.info" value="mixed mode, sharing"/>
    <property name="java.version" value="19.0.1"/>
    <property name="native.encoding" value="UTF-8"/>
    <property name="java.vendor" value="Oracle Corporation"/>
    <property name="maven.home" value="/Users/rajaram/Documents/ENTERPRISE_CUCUMBER_AUTOMATION_FRAMEWORK/EMBEDDED"/>
    <property name="file.separator" value="/"/>
    <property name="java.version.date" value="2022-10-18"/>
    <property name="java.vendor.url.bug" value="https://bugreport.java.com/bugreport/"/>
    <property name="sun.io.unicode.encoding" value="UnicodeBig"/>
    <property name="sun.cpu.endian" value="little"/>
    <property name="socksNonProxyHosts" value="local|*.local|169.254/16|*.169.254/16"/>
    <property name="ftp.nonProxyHosts" value="local|*.local|169.254/16|*.169.254/16"/>
  </properties>
  <testcase name="Search with Aviva and verify results links" classname="Google Search Feature Validation" time="32.277">
    <failure message="expected:&lt;6&gt; but was:&lt;0&gt;" type="java.lang.AssertionError"><![CDATA[java.lang.AssertionError: expected:<6> but was:<0>
	at org.junit.Assert.fail(Assert.java:89)
	at org.junit.Assert.failNotEquals(Assert.java:835)
	at org.junit.Assert.assertEquals(Assert.java:647)
	at org.junit.Assert.assertEquals(Assert.java:633)
	at com.stepdefs.MODULE_1_STEP_DEF.application_should_display_links_returned_in_resultspage_and_verify(MODULE_1_STEP_DEF.java:52)
	at ✽.application should display links returned in resultspage and verify "6"(classpath:features/GOOGLE_SEARCH.feature:11)
]]></failure>
    <system-out><![CDATA[
@RunGoogle @googlesearchforAviva
Scenario Outline: Search with Aviva and verify results links                   &amp#27;[90m# features/GOOGLE_SEARCH.feature:16&amp#27;[0m
01:18:23.391 [main] DEBUG io.github.bonigarcia.wdm.cache.ResolutionCache - Resolution chrome=110 in cache (valid until 01:21:42 03/03/2023 IST)
01:18:23.394 [main] DEBUG io.github.bonigarcia.wdm.cache.ResolutionCache - Resolution chrome110=110.0.5481.77 in cache (valid until 09:10:00 03/03/2023 IST)
01:18:23.394 [main] INFO io.github.bonigarcia.wdm.WebDriverManager - Using chromedriver 110.0.5481.77 (resolved driver for Chrome 110)
01:18:23.407 [main] DEBUG io.github.bonigarcia.wdm.WebDriverManager - Driver chromedriver 110.0.5481.77 found in cache
01:18:23.407 [main] INFO io.github.bonigarcia.wdm.WebDriverManager - Exporting webdriver.chrome.driver as /Users/rajaram/.cache/selenium/chromedriver/mac64/110.0.5481.77/chromedriver
  &amp#27;[32mGiven &amp#27;[0m&amp#27;[32mLaunch the URL "&amp#27;[0m&amp#27;[32m&amp#27;[1mURL&amp#27;[0m&amp#27;[32m"&amp#27;[0m                                                   &amp#27;[90m# com.stepdefs.MODULE_1_STEP_DEF.launch_the_URL(java.lang.String)&amp#27;[0m
  &amp#27;[32mWhen &amp#27;[0m&amp#27;[32mEnter the Text "&amp#27;[0m&amp#27;[32m&amp#27;[1mAviva&amp#27;[0m&amp#27;[32m"&amp#27;[0m                                                  &amp#27;[90m# com.stepdefs.MODULE_1_STEP_DEF.enter_the_Text(java.lang.String)&amp#27;[0m
  &amp#27;[32mAnd &amp#27;[0m&amp#27;[32mclick on button "&amp#27;[0m&amp#27;[32m&amp#27;[1mSEARCH&amp#27;[0m&amp#27;[32m"&amp#27;[0m                                                 &amp#27;[90m# com.stepdefs.MODULE_1_STEP_DEF.click_on_button(java.lang.String)&amp#27;[0m
  &amp#27;[31mThen &amp#27;[0m&amp#27;[31mapplication should display links returned in resultspage and verify "&amp#27;[0m&amp#27;[31m&amp#27;[1m6&amp#27;[0m&amp#27;[31m"&amp#27;[0m &amp#27;[90m# com.stepdefs.MODULE_1_STEP_DEF.application_should_display_links_returned_in_resultspage_and_verify(java.lang.String)&amp#27;[0m
      &amp#27;[31mjava.lang.AssertionError: expected:<6> but was:<0>
	at org.junit.Assert.fail(Assert.java:89)
	at org.junit.Assert.failNotEquals(Assert.java:835)
	at org.junit.Assert.assertEquals(Assert.java:647)
	at org.junit.Assert.assertEquals(Assert.java:633)
	at com.stepdefs.MODULE_1_STEP_DEF.application_should_display_links_returned_in_resultspage_and_verify(MODULE_1_STEP_DEF.java:52)
	at ✽.application should display links returned in resultspage and verify "6"(classpath:features/GOOGLE_SEARCH.feature:11)
&amp#27;[0m
  &amp#27;[36mAnd &amp#27;[0m&amp#27;[36muser should display "&amp#27;[0m&amp#27;[36m&amp#27;[1m5&amp#27;[0m&amp#27;[36m" link&amp#27;[0m                                             &amp#27;[90m# com.stepdefs.MODULE_1_STEP_DEF.user_should_display_link(java.lang.String)&amp#27;[0m
]]></system-out>
    <system-err><![CDATA[Starting ChromeDriver 110.0.5481.77 (65ed616c6e8ee3fe0ad64fe83796c020644d42af-refs/branch-heads/5481@{#839}) on port 27375
Only local connections are allowed.
Please see https://chromedriver.chromium.org/security-considerations for suggestions on keeping ChromeDriver safe.
ChromeDriver was started successfully.
[1677786514.104][WARNING]: virtual void DevToolsClientImpl::AddListener(DevToolsEventListener *) subscribing a listener to the already connected DevToolsClient. Connection notification will not arrive.
Mar 03, 2023 1:18:34 AM org.openqa.selenium.remote.ProtocolHandshake createSession
INFO: Detected dialect: W3C
]]></system-err>
  </testcase>
  <testcase name="Verify Title in Aviva Home Page" classname="Google Search Feature Validation" time="26.546">
    <error message="no such element: Unable to locate element: {&quot;method&quot;:&quot;xpath&quot;,&quot;selector&quot;:&quot;//*[contains(text(),&apos;Access without&apos;)]&quot;}&#10;  (Session info: chrome=110.0.5481.177)&#10;For documentation on this error, please visit: http://seleniumhq.org/exceptions/no_such_element.html&#10;Build info: version: &apos;3.141.5&apos;, revision: &apos;d54ebd709a&apos;, time: &apos;2018-11-06T11:42:16&apos;&#10;System info: host: &apos;192.168.1.7&apos;, ip: &apos;2401:4900:1cb4:5ef8:e03e:af2c:eb8e:6ae6%en0&apos;, os.name: &apos;Mac OS X&apos;, os.arch: &apos;aarch64&apos;, os.version: &apos;13.1&apos;, java.version: &apos;19.0.1&apos;&#10;Driver info: org.openqa.selenium.chrome.ChromeDriver&#10;Capabilities {acceptInsecureCerts: false, browserName: chrome, browserVersion: 110.0.5481.177, chrome: {chromedriverVersion: 110.0.5481.77 (65ed616c6e8e..., userDataDir: /var/folders/6z/3b16_4917y9...}, goog:chromeOptions: {debuggerAddress: localhost:55892}, javascriptEnabled: true, networkConnectionEnabled: false, pageLoadStrategy: normal, platform: MAC, platformName: MAC, proxy: Proxy(), setWindowRect: true, strictFileInteractability: false, timeouts: {implicit: 0, pageLoad: 300000, script: 30000}, unhandledPromptBehavior: dismiss and notify, webauthn:extension:credBlob: true, webauthn:extension:largeBlob: true, webauthn:virtualAuthenticators: true}&#10;Session ID: 4c0a07c86d34c98003d263e3408a9f15&#10;*** Element info: {Using=xpath, value=//*[contains(text(),&apos;Access without&apos;)]}" type="org.openqa.selenium.NoSuchElementException">org.openqa.selenium.NoSuchElementException: no such element: Unable to locate element: {"method":"xpath","selector":"//*[contains(text(),'Access without')]"}
  (Session info: chrome=110.0.5481.177)
For documentation on this error, please visit: http://seleniumhq.org/exceptions/no_such_element.html
Build info: version: '3.141.5', revision: 'd54ebd709a', time: '2018-11-06T11:42:16'
System info: host: '192.168.1.7', ip: '2401:4900:1cb4:5ef8:e03e:af2c:eb8e:6ae6%en0', os.name: 'Mac OS X', os.arch: 'aarch64', os.version: '13.1', java.version: '19.0.1'
Driver info: org.openqa.selenium.chrome.ChromeDriver
Capabilities {acceptInsecureCerts: false, browserName: chrome, browserVersion: 110.0.5481.177, chrome: {chromedriverVersion: 110.0.5481.77 (65ed616c6e8e..., userDataDir: /var/folders/6z/3b16_4917y9...}, goog:chromeOptions: {debuggerAddress: localhost:55892}, javascriptEnabled: true, networkConnectionEnabled: false, pageLoadStrategy: normal, platform: MAC, platformName: MAC, proxy: Proxy(), setWindowRect: true, strictFileInteractability: false, timeouts: {implicit: 0, pageLoad: 300000, script: 30000}, unhandledPromptBehavior: dismiss and notify, webauthn:extension:credBlob: true, webauthn:extension:largeBlob: true, webauthn:virtualAuthenticators: true}
Session ID: 4c0a07c86d34c98003d263e3408a9f15
*** Element info: {Using=xpath, value=//*[contains(text(),'Access without')]}
	at java.base/jdk.internal.reflect.DirectConstructorHandleAccessor.newInstance(DirectConstructorHandleAccessor.java:67)
	at java.base/java.lang.reflect.Constructor.newInstanceWithCaller(Constructor.java:500)
	at java.base/java.lang.reflect.Constructor.newInstance(Constructor.java:484)
	at org.openqa.selenium.remote.http.W3CHttpResponseCodec.createException(W3CHttpResponseCodec.java:187)
	at org.openqa.selenium.remote.http.W3CHttpResponseCodec.decode(W3CHttpResponseCodec.java:122)
	at org.openqa.selenium.remote.http.W3CHttpResponseCodec.decode(W3CHttpResponseCodec.java:49)
	at org.openqa.selenium.remote.HttpCommandExecutor.execute(HttpCommandExecutor.java:158)
	at org.openqa.selenium.remote.service.DriverCommandExecutor.execute(DriverCommandExecutor.java:83)
	at org.openqa.selenium.remote.RemoteWebDriver.execute(RemoteWebDriver.java:552)
	at org.openqa.selenium.remote.RemoteWebDriver.findElement(RemoteWebDriver.java:323)
	at org.openqa.selenium.remote.RemoteWebDriver.findElementByXPath(RemoteWebDriver.java:428)
	at org.openqa.selenium.By$ByXPath.findElement(By.java:353)
	at org.openqa.selenium.remote.RemoteWebDriver.findElement(RemoteWebDriver.java:315)
	at com.webDriverInteractions.WebDriverInteractions.findElement(WebDriverInteractions.java:204)
	at com.webDriverInteractions.WebDriverInteractions.captureText(WebDriverInteractions.java:117)
	at com.Pages.Aviva_Home_Page.getElementText(Aviva_Home_Page.java:27)
	at com.stepdefs.MODULE_1_STEP_DEF.verify_Title_of_the_of_the_Aviva_Home_Page(MODULE_1_STEP_DEF.java:75)
	at ✽.verify Title of the "Access without Login" of the Aviva Home Page(classpath:features/GOOGLE_SEARCH.feature:23)
</error>
    <system-out><![CDATA[
@RunGoogle @PositiveScenario
Scenario Outline: Verify Title in Aviva Home Page                       &amp#27;[90m# features/GOOGLE_SEARCH.feature:27&amp#27;[0m
01:18:55.283 [main] DEBUG io.github.bonigarcia.wdm.cache.ResolutionCache - Resolution chrome=110 in cache (valid until 01:21:42 03/03/2023 IST)
01:18:55.283 [main] DEBUG io.github.bonigarcia.wdm.cache.ResolutionCache - Resolution chrome110=110.0.5481.77 in cache (valid until 09:10:00 03/03/2023 IST)
01:18:55.283 [main] INFO io.github.bonigarcia.wdm.WebDriverManager - Using chromedriver 110.0.5481.77 (resolved driver for Chrome 110)
01:18:55.286 [main] DEBUG io.github.bonigarcia.wdm.WebDriverManager - Driver chromedriver 110.0.5481.77 found in cache
01:18:55.286 [main] INFO io.github.bonigarcia.wdm.WebDriverManager - Exporting webdriver.chrome.driver as /Users/rajaram/.cache/selenium/chromedriver/mac64/110.0.5481.77/chromedriver
  &amp#27;[32mGiven &amp#27;[0m&amp#27;[32mLaunch the URL "&amp#27;[0m&amp#27;[32m&amp#27;[1mURL&amp#27;[0m&amp#27;[32m"&amp#27;[0m                                            &amp#27;[90m# com.stepdefs.MODULE_1_STEP_DEF.launch_the_URL(java.lang.String)&amp#27;[0m
  &amp#27;[32mWhen &amp#27;[0m&amp#27;[32mEnter the Text "&amp#27;[0m&amp#27;[32m&amp#27;[1mAviva&amp#27;[0m&amp#27;[32m"&amp#27;[0m                                           &amp#27;[90m# com.stepdefs.MODULE_1_STEP_DEF.enter_the_Text(java.lang.String)&amp#27;[0m
  &amp#27;[32mAnd &amp#27;[0m&amp#27;[32mclick on button "&amp#27;[0m&amp#27;[32m&amp#27;[1mSEARCH&amp#27;[0m&amp#27;[32m"&amp#27;[0m                                          &amp#27;[90m# com.stepdefs.MODULE_1_STEP_DEF.click_on_button(java.lang.String)&amp#27;[0m
  &amp#27;[32mThen &amp#27;[0m&amp#27;[32mclick on Aviva Login Link in the Google Search Page&amp#27;[0m              &amp#27;[90m# com.stepdefs.MODULE_1_STEP_DEF.click_on_Aviva_Login_Link_in_the_Google_Search_Page()&amp#27;[0m
  &amp#27;[31mAnd &amp#27;[0m&amp#27;[31mverify Title of the "&amp#27;[0m&amp#27;[31m&amp#27;[1mAccess without Login&amp#27;[0m&amp#27;[31m" of the Aviva Home Page&amp#27;[0m &amp#27;[90m# com.stepdefs.MODULE_1_STEP_DEF.verify_Title_of_the_of_the_Aviva_Home_Page(java.lang.String)&amp#27;[0m
      &amp#27;[31morg.openqa.selenium.NoSuchElementException: no such element: Unable to locate element: {"method":"xpath","selector":"//*[contains(text(),'Access without')]"}
  (Session info: chrome=110.0.5481.177)
For documentation on this error, please visit: http://seleniumhq.org/exceptions/no_such_element.html
Build info: version: '3.141.5', revision: 'd54ebd709a', time: '2018-11-06T11:42:16'
System info: host: '192.168.1.7', ip: '2401:4900:1cb4:5ef8:e03e:af2c:eb8e:6ae6%en0', os.name: 'Mac OS X', os.arch: 'aarch64', os.version: '13.1', java.version: '19.0.1'
Driver info: org.openqa.selenium.chrome.ChromeDriver
Capabilities {acceptInsecureCerts: false, browserName: chrome, browserVersion: 110.0.5481.177, chrome: {chromedriverVersion: 110.0.5481.77 (65ed616c6e8e..., userDataDir: /var/folders/6z/3b16_4917y9...}, goog:chromeOptions: {debuggerAddress: localhost:55892}, javascriptEnabled: true, networkConnectionEnabled: false, pageLoadStrategy: normal, platform: MAC, platformName: MAC, proxy: Proxy(), setWindowRect: true, strictFileInteractability: false, timeouts: {implicit: 0, pageLoad: 300000, script: 30000}, unhandledPromptBehavior: dismiss and notify, webauthn:extension:credBlob: true, webauthn:extension:largeBlob: true, webauthn:virtualAuthenticators: true}
Session ID: 4c0a07c86d34c98003d263e3408a9f15
*** Element info: {Using=xpath, value=//*[contains(text(),'Access without')]}
	at java.base/jdk.internal.reflect.DirectConstructorHandleAccessor.newInstance(DirectConstructorHandleAccessor.java:67)
	at java.base/java.lang.reflect.Constructor.newInstanceWithCaller(Constructor.java:500)
	at java.base/java.lang.reflect.Constructor.newInstance(Constructor.java:484)
	at org.openqa.selenium.remote.http.W3CHttpResponseCodec.createException(W3CHttpResponseCodec.java:187)
	at org.openqa.selenium.remote.http.W3CHttpResponseCodec.decode(W3CHttpResponseCodec.java:122)
	at org.openqa.selenium.remote.http.W3CHttpResponseCodec.decode(W3CHttpResponseCodec.java:49)
	at org.openqa.selenium.remote.HttpCommandExecutor.execute(HttpCommandExecutor.java:158)
	at org.openqa.selenium.remote.service.DriverCommandExecutor.execute(DriverCommandExecutor.java:83)
	at org.openqa.selenium.remote.RemoteWebDriver.execute(RemoteWebDriver.java:552)
	at org.openqa.selenium.remote.RemoteWebDriver.findElement(RemoteWebDriver.java:323)
	at org.openqa.selenium.remote.RemoteWebDriver.findElementByXPath(RemoteWebDriver.java:428)
	at org.openqa.selenium.By$ByXPath.findElement(By.java:353)
	at org.openqa.selenium.remote.RemoteWebDriver.findElement(RemoteWebDriver.java:315)
	at com.webDriverInteractions.WebDriverInteractions.findElement(WebDriverInteractions.java:204)
	at com.webDriverInteractions.WebDriverInteractions.captureText(WebDriverInteractions.java:117)
	at com.Pages.Aviva_Home_Page.getElementText(Aviva_Home_Page.java:27)
	at com.stepdefs.MODULE_1_STEP_DEF.verify_Title_of_the_of_the_Aviva_Home_Page(MODULE_1_STEP_DEF.java:75)
	at ✽.verify Title of the "Access without Login" of the Aviva Home Page(classpath:features/GOOGLE_SEARCH.feature:23)
&amp#27;[0m
]]></system-out>
    <system-err><![CDATA[Starting ChromeDriver 110.0.5481.77 (65ed616c6e8ee3fe0ad64fe83796c020644d42af-refs/branch-heads/5481@{#839}) on port 43145
Only local connections are allowed.
Please see https://chromedriver.chromium.org/security-considerations for suggestions on keeping ChromeDriver safe.
ChromeDriver was started successfully.
[1677786539.625][WARNING]: virtual void DevToolsClientImpl::AddListener(DevToolsEventListener *) subscribing a listener to the already connected DevToolsClient. Connection notification will not arrive.
Mar 03, 2023 1:19:00 AM org.openqa.selenium.remote.ProtocolHandshake createSession
INFO: Detected dialect: W3C
]]></system-err>
  </testcase>
  <testcase name="Verify Error Message in Aviva Login Page" classname="Google Search Feature Validation" time="45.272">
    <error message="no such element: Unable to locate element: {&quot;method&quot;:&quot;xpath&quot;,&quot;selector&quot;:&quot;//*[@id=&quot;lnkLogin&quot;]&quot;}&#10;  (Session info: chrome=110.0.5481.177)&#10;For documentation on this error, please visit: http://seleniumhq.org/exceptions/no_such_element.html&#10;Build info: version: &apos;3.141.5&apos;, revision: &apos;d54ebd709a&apos;, time: &apos;2018-11-06T11:42:16&apos;&#10;System info: host: &apos;192.168.1.7&apos;, ip: &apos;2401:4900:1cb4:5ef8:e03e:af2c:eb8e:6ae6%en0&apos;, os.name: &apos;Mac OS X&apos;, os.arch: &apos;aarch64&apos;, os.version: &apos;13.1&apos;, java.version: &apos;19.0.1&apos;&#10;Driver info: org.openqa.selenium.chrome.ChromeDriver&#10;Capabilities {acceptInsecureCerts: false, browserName: chrome, browserVersion: 110.0.5481.177, chrome: {chromedriverVersion: 110.0.5481.77 (65ed616c6e8e..., userDataDir: /var/folders/6z/3b16_4917y9...}, goog:chromeOptions: {debuggerAddress: localhost:55929}, javascriptEnabled: true, networkConnectionEnabled: false, pageLoadStrategy: normal, platform: MAC, platformName: MAC, proxy: Proxy(), setWindowRect: true, strictFileInteractability: false, timeouts: {implicit: 0, pageLoad: 300000, script: 30000}, unhandledPromptBehavior: dismiss and notify, webauthn:extension:credBlob: true, webauthn:extension:largeBlob: true, webauthn:virtualAuthenticators: true}&#10;Session ID: 9441f57a0faad61e5112469d0d9085c1&#10;*** Element info: {Using=xpath, value=//*[@id=&quot;lnkLogin&quot;]}" type="org.openqa.selenium.NoSuchElementException">org.openqa.selenium.NoSuchElementException: no such element: Unable to locate element: {"method":"xpath","selector":"//*[@id="lnkLogin"]"}
  (Session info: chrome=110.0.5481.177)
For documentation on this error, please visit: http://seleniumhq.org/exceptions/no_such_element.html
Build info: version: '3.141.5', revision: 'd54ebd709a', time: '2018-11-06T11:42:16'
System info: host: '192.168.1.7', ip: '2401:4900:1cb4:5ef8:e03e:af2c:eb8e:6ae6%en0', os.name: 'Mac OS X', os.arch: 'aarch64', os.version: '13.1', java.version: '19.0.1'
Driver info: org.openqa.selenium.chrome.ChromeDriver
Capabilities {acceptInsecureCerts: false, browserName: chrome, browserVersion: 110.0.5481.177, chrome: {chromedriverVersion: 110.0.5481.77 (65ed616c6e8e..., userDataDir: /var/folders/6z/3b16_4917y9...}, goog:chromeOptions: {debuggerAddress: localhost:55929}, javascriptEnabled: true, networkConnectionEnabled: false, pageLoadStrategy: normal, platform: MAC, platformName: MAC, proxy: Proxy(), setWindowRect: true, strictFileInteractability: false, timeouts: {implicit: 0, pageLoad: 300000, script: 30000}, unhandledPromptBehavior: dismiss and notify, webauthn:extension:credBlob: true, webauthn:extension:largeBlob: true, webauthn:virtualAuthenticators: true}
Session ID: 9441f57a0faad61e5112469d0d9085c1
*** Element info: {Using=xpath, value=//*[@id="lnkLogin"]}
	at java.base/jdk.internal.reflect.DirectConstructorHandleAccessor.newInstance(DirectConstructorHandleAccessor.java:67)
	at java.base/java.lang.reflect.Constructor.newInstanceWithCaller(Constructor.java:500)
	at java.base/java.lang.reflect.Constructor.newInstance(Constructor.java:484)
	at org.openqa.selenium.remote.http.W3CHttpResponseCodec.createException(W3CHttpResponseCodec.java:187)
	at org.openqa.selenium.remote.http.W3CHttpResponseCodec.decode(W3CHttpResponseCodec.java:122)
	at org.openqa.selenium.remote.http.W3CHttpResponseCodec.decode(W3CHttpResponseCodec.java:49)
	at org.openqa.selenium.remote.HttpCommandExecutor.execute(HttpCommandExecutor.java:158)
	at org.openqa.selenium.remote.service.DriverCommandExecutor.execute(DriverCommandExecutor.java:83)
	at org.openqa.selenium.remote.RemoteWebDriver.execute(RemoteWebDriver.java:552)
	at org.openqa.selenium.remote.RemoteWebDriver.findElement(RemoteWebDriver.java:323)
	at org.openqa.selenium.remote.RemoteWebDriver.findElementByXPath(RemoteWebDriver.java:428)
	at org.openqa.selenium.By$ByXPath.findElement(By.java:353)
	at org.openqa.selenium.remote.RemoteWebDriver.findElement(RemoteWebDriver.java:315)
	at com.webDriverInteractions.WebDriverInteractions.findElement(WebDriverInteractions.java:204)
	at com.webDriverInteractions.WebDriverInteractions.findElement(WebDriverInteractions.java:260)
	at com.webDriverInteractions.WebDriverInteractions.clickUsingJSExecutor(WebDriverInteractions.java:113)
	at com.Pages.Google_Search.Click(Google_Search.java:30)
	at com.stepdefs.MODULE_1_STEP_DEF.click_on_Aviva_Login_Link_in_the_Google_Search_Page_and_click_on_Login(MODULE_1_STEP_DEF.java:83)
	at ✽.click on Aviva Login Link in the Google Search Page and click on Login(classpath:features/GOOGLE_SEARCH.feature:33)
</error>
    <system-out><![CDATA[
@RunGoogle @NegativeScenario
Scenario Outline: Verify Error Message in Aviva Login Page                              &amp#27;[90m# features/GOOGLE_SEARCH.feature:38&amp#27;[0m
01:19:21.841 [main] DEBUG io.github.bonigarcia.wdm.cache.ResolutionCache - Resolution chrome=110 in cache (valid until 01:21:42 03/03/2023 IST)
01:19:21.841 [main] DEBUG io.github.bonigarcia.wdm.cache.ResolutionCache - Resolution chrome110=110.0.5481.77 in cache (valid until 09:10:00 03/03/2023 IST)
01:19:21.841 [main] INFO io.github.bonigarcia.wdm.WebDriverManager - Using chromedriver 110.0.5481.77 (resolved driver for Chrome 110)
01:19:21.842 [main] DEBUG io.github.bonigarcia.wdm.WebDriverManager - Driver chromedriver 110.0.5481.77 found in cache
01:19:21.842 [main] INFO io.github.bonigarcia.wdm.WebDriverManager - Exporting webdriver.chrome.driver as /Users/rajaram/.cache/selenium/chromedriver/mac64/110.0.5481.77/chromedriver
  &amp#27;[32mGiven &amp#27;[0m&amp#27;[32mLaunch the URL "&amp#27;[0m&amp#27;[32m&amp#27;[1mURL&amp#27;[0m&amp#27;[32m"&amp#27;[0m                                                            &amp#27;[90m# com.stepdefs.MODULE_1_STEP_DEF.launch_the_URL(java.lang.String)&amp#27;[0m
  &amp#27;[32mWhen &amp#27;[0m&amp#27;[32mEnter the Text "&amp#27;[0m&amp#27;[32m&amp#27;[1mAviva&amp#27;[0m&amp#27;[32m"&amp#27;[0m                                                           &amp#27;[90m# com.stepdefs.MODULE_1_STEP_DEF.enter_the_Text(java.lang.String)&amp#27;[0m
  &amp#27;[32mAnd &amp#27;[0m&amp#27;[32mclick on button "&amp#27;[0m&amp#27;[32m&amp#27;[1mSEARCH&amp#27;[0m&amp#27;[32m"&amp#27;[0m                                                          &amp#27;[90m# com.stepdefs.MODULE_1_STEP_DEF.click_on_button(java.lang.String)&amp#27;[0m
  &amp#27;[31mThen &amp#27;[0m&amp#27;[31mclick on Aviva Login Link in the Google Search Page and click on Login&amp#27;[0m           &amp#27;[90m# com.stepdefs.MODULE_1_STEP_DEF.click_on_Aviva_Login_Link_in_the_Google_Search_Page_and_click_on_Login()&amp#27;[0m
      &amp#27;[31morg.openqa.selenium.NoSuchElementException: no such element: Unable to locate element: {"method":"xpath","selector":"//*[@id="lnkLogin"]"}
  (Session info: chrome=110.0.5481.177)
For documentation on this error, please visit: http://seleniumhq.org/exceptions/no_such_element.html
Build info: version: '3.141.5', revision: 'd54ebd709a', time: '2018-11-06T11:42:16'
System info: host: '192.168.1.7', ip: '2401:4900:1cb4:5ef8:e03e:af2c:eb8e:6ae6%en0', os.name: 'Mac OS X', os.arch: 'aarch64', os.version: '13.1', java.version: '19.0.1'
Driver info: org.openqa.selenium.chrome.ChromeDriver
Capabilities {acceptInsecureCerts: false, browserName: chrome, browserVersion: 110.0.5481.177, chrome: {chromedriverVersion: 110.0.5481.77 (65ed616c6e8e..., userDataDir: /var/folders/6z/3b16_4917y9...}, goog:chromeOptions: {debuggerAddress: localhost:55929}, javascriptEnabled: true, networkConnectionEnabled: false, pageLoadStrategy: normal, platform: MAC, platformName: MAC, proxy: Proxy(), setWindowRect: true, strictFileInteractability: false, timeouts: {implicit: 0, pageLoad: 300000, script: 30000}, unhandledPromptBehavior: dismiss and notify, webauthn:extension:credBlob: true, webauthn:extension:largeBlob: true, webauthn:virtualAuthenticators: true}
Session ID: 9441f57a0faad61e5112469d0d9085c1
*** Element info: {Using=xpath, value=//*[@id="lnkLogin"]}
	at java.base/jdk.internal.reflect.DirectConstructorHandleAccessor.newInstance(DirectConstructorHandleAccessor.java:67)
	at java.base/java.lang.reflect.Constructor.newInstanceWithCaller(Constructor.java:500)
	at java.base/java.lang.reflect.Constructor.newInstance(Constructor.java:484)
	at org.openqa.selenium.remote.http.W3CHttpResponseCodec.createException(W3CHttpResponseCodec.java:187)
	at org.openqa.selenium.remote.http.W3CHttpResponseCodec.decode(W3CHttpResponseCodec.java:122)
	at org.openqa.selenium.remote.http.W3CHttpResponseCodec.decode(W3CHttpResponseCodec.java:49)
	at org.openqa.selenium.remote.HttpCommandExecutor.execute(HttpCommandExecutor.java:158)
	at org.openqa.selenium.remote.service.DriverCommandExecutor.execute(DriverCommandExecutor.java:83)
	at org.openqa.selenium.remote.RemoteWebDriver.execute(RemoteWebDriver.java:552)
	at org.openqa.selenium.remote.RemoteWebDriver.findElement(RemoteWebDriver.java:323)
	at org.openqa.selenium.remote.RemoteWebDriver.findElementByXPath(RemoteWebDriver.java:428)
	at org.openqa.selenium.By$ByXPath.findElement(By.java:353)
	at org.openqa.selenium.remote.RemoteWebDriver.findElement(RemoteWebDriver.java:315)
	at com.webDriverInteractions.WebDriverInteractions.findElement(WebDriverInteractions.java:204)
	at com.webDriverInteractions.WebDriverInteractions.findElement(WebDriverInteractions.java:260)
	at com.webDriverInteractions.WebDriverInteractions.clickUsingJSExecutor(WebDriverInteractions.java:113)
	at com.Pages.Google_Search.Click(Google_Search.java:30)
	at com.stepdefs.MODULE_1_STEP_DEF.click_on_Aviva_Login_Link_in_the_Google_Search_Page_and_click_on_Login(MODULE_1_STEP_DEF.java:83)
	at ✽.click on Aviva Login Link in the Google Search Page and click on Login(classpath:features/GOOGLE_SEARCH.feature:33)
&amp#27;[0m
  &amp#27;[36mAnd &amp#27;[0m&amp#27;[36mverify the Error Message in the Aviva Login Page"&amp#27;[0m&amp#27;[36m&amp#27;[1mPlease enter login credentials.&amp#27;[0m&amp#27;[36m"&amp#27;[0m &amp#27;[90m# com.stepdefs.MODULE_1_STEP_DEF.verify_the_Error_Message_in_the_Aviva_Login_Page(java.lang.String)&amp#27;[0m
]]></system-out>
    <system-err><![CDATA[Starting ChromeDriver 110.0.5481.77 (65ed616c6e8ee3fe0ad64fe83796c020644d42af-refs/branch-heads/5481@{#839}) on port 44564
Only local connections are allowed.
Please see https://chromedriver.chromium.org/security-considerations for suggestions on keeping ChromeDriver safe.
ChromeDriver was started successfully.
[1677786566.865][WARNING]: virtual void DevToolsClientImpl::AddListener(DevToolsEventListener *) subscribing a listener to the already connected DevToolsClient. Connection notification will not arrive.
Mar 03, 2023 1:19:27 AM org.openqa.selenium.remote.ProtocolHandshake createSession
INFO: Detected dialect: W3C
]]></system-err>
  </testcase>
</testsuite>